<?xml version="1.0" encoding="UTF-8"?>
<!-- Generated by org.testng.reporters.JUnitXMLReporter -->
<testsuite ignored="0" hostname="MacBook-Air-3097.local" failures="1" tests="10" name="Command line test" time="29.034" errors="0" timestamp="2022-01-12T14:03:01 EET">
  <testcase classname="tests.TestUserIntegration" name="testCreateUser" time="9.777"/>
  <testcase classname="tests.TestUserIntegration" name="testGetUser" time="1.014">
    <failure type="java.lang.AssertionError" message="The Full Name is empty did not expect [] but found []">
      <![CDATA[java.lang.AssertionError: The Full Name is empty did not expect [] but found []
at tests.TestUserIntegration.testGetUser(TestUserIntegration.java:44)
at java.base/java.util.ArrayList.forEach(ArrayList.java:1511)
... Removed 41 stack frames]]>
    </failure>
  </testcase> <!-- testGetUser -->
  <testcase classname="tests.TestUserIntegration" name="testUpdateUser" time="2.183"/>
  <testcase classname="tests.TestUserIntegration" name="testDeleteUser" time="0.901"/>
  <testcase classname="tests.TestUserIntegration" name="verifyTheUserStatusAfterDeleting" time="0.898"/>
  <testcase classname="tests.TestUserTransactionsIntegration" name="testDeleteTransaction" time="1.919"/>
  <testcase classname="tests.TestUserTransactionsIntegration" name="testGetNftTransactions" time="0.909"/>
  <testcase classname="tests.TestUserTransactionsIntegration" name="testGetUserTransactions" time="0.9"/>
  <testcase classname="tests.TestUserTransactionsIntegration" name="testUpdateTransaction" time="0.888"/>
  <testcase classname="tests.TestUserTransactionsIntegration" name="verifyTheTransactionStatusAfterDeleting" time="0.832"/>
</testsuite> <!-- Command line test -->
