<?xml version="1.0" encoding="UTF-8"?>
<!-- Generated by org.testng.reporters.JUnitXMLReporter -->
<testsuite ignored="0" hostname="MacBook-Air-3097.local" failures="1" tests="16" name="Command line test" time="33.429" errors="0" timestamp="2022-01-13T22:27:34 EET">
  <testcase classname="tests.transactionsTests.TestUserTransactionsIntegration" name="testDeleteTransaction" time="2.459"/>
  <testcase classname="tests.transactionsTests.TestUserTransactionsIntegration" name="testGetNftTransactions" time="1.137"/>
  <testcase classname="tests.transactionsTests.TestUserTransactionsIntegration" name="testGetUserTransactions" time="1.046"/>
  <testcase classname="tests.transactionsTests.TestUserTransactionsIntegration" name="testUpdateTransaction" time="0.913"/>
  <testcase classname="tests.transactionsTests.TestUserTransactionsIntegration" name="verifyTheTransactionStatusAfterDeleting" time="0.867"/>
  <testcase classname="tests.usersTests.TestUserIntegration" name="testCreateUser" time="1.789"/>
  <testcase classname="tests.usersTests.TestUserIntegration" name="testGetUser" time="0.904">
    <failure type="java.lang.AssertionError" message="The Full Name is empty did not expect [] but found []">
      <![CDATA[java.lang.AssertionError: The Full Name is empty did not expect [] but found []
at tests.usersTests.TestUserIntegration.testGetUser(TestUserIntegration.java:44)
at java.base/java.util.ArrayList.forEach(ArrayList.java:1511)
... Removed 41 stack frames]]>
    </failure>
  </testcase> <!-- testGetUser -->
  <testcase classname="tests.usersTests.TestUserIntegration" name="testUpdateUser" time="1.764"/>
  <testcase classname="tests.usersTests.TestUserIntegration" name="testDeleteUser" time="0.971"/>
  <testcase classname="tests.usersTests.TestUserIntegration" name="verifyTheUserStatusAfterDeleting" time="0.982"/>
  <testcase classname="tests.nftsTests.TestNfts" name="testCreateNft" time="1.557"/>
  <testcase classname="tests.nftsTests.TestNfts" name="testGetAllNfts" time="3.959"/>
  <testcase classname="tests.nftsTests.TestNfts" name="testGetSingleNft" time="0.879"/>
  <testcase classname="tests.nftsTests.TestNfts" name="testUpdateNft" time="0.92"/>
  <testcase classname="tests.nftsTests.TestNfts" name="testDeleteNft" time="0.881"/>
  <testcase classname="tests.nftsTests.TestNfts" name="verifyTheNftStatusAfterDeleting" time="0.871"/>
</testsuite> <!-- Command line test -->
