<?xml version="1.0" encoding="UTF-8"?>
<testng-results ignored="0" total="32" passed="30" failed="2" skipped="0">
  <reporter-output>
  </reporter-output>
  <suite started-at="2022-01-16T05:40:28 EET" name="Command line suite" finished-at="2022-01-16T05:41:29 EET" duration-ms="60903">
    <groups>
    </groups>
    <test started-at="2022-01-16T05:40:28 EET" name="Command line test" finished-at="2022-01-16T05:41:29 EET" duration-ms="60903">
      <class name="tests.usersTests.TestUserIntegration">
        <test-method signature="testCreateUser()[pri:0, instance:tests.usersTests.TestUserIntegration@77fbd92c]" started-at="2022-01-16T05:41:07 EET" name="testCreateUser" finished-at="2022-01-16T05:41:09 EET" duration-ms="1756" status="PASS">
          <reporter-output>
          </reporter-output>
        </test-method> <!-- testCreateUser -->
        <test-method is-config="true" signature="init()[pri:0, instance:tests.usersTests.TestUserIntegration@77fbd92c]" started-at="2022-01-16T05:41:07 EET" name="init" finished-at="2022-01-16T05:41:07 EET" duration-ms="0" status="PASS">
          <reporter-output>
          </reporter-output>
        </test-method> <!-- init -->
        <test-method signature="testCreateUserWithoutEmailOrPhone()[pri:0, instance:tests.usersTests.TestUserIntegration@77fbd92c]" started-at="2022-01-16T05:41:09 EET" name="testCreateUserWithoutEmailOrPhone" finished-at="2022-01-16T05:41:10 EET" duration-ms="782" status="PASS">
          <reporter-output>
          </reporter-output>
        </test-method> <!-- testCreateUserWithoutEmailOrPhone -->
        <test-method signature="testCreateUserWithoutWalletName()[pri:0, instance:tests.usersTests.TestUserIntegration@77fbd92c]" started-at="2022-01-16T05:41:10 EET" name="testCreateUserWithoutWalletName" finished-at="2022-01-16T05:41:11 EET" duration-ms="800" status="PASS">
          <reporter-output>
          </reporter-output>
        </test-method> <!-- testCreateUserWithoutWalletName -->
        <test-method signature="testGetUnauthorizedUser()[pri:0, instance:tests.usersTests.TestUserIntegration@77fbd92c]" started-at="2022-01-16T05:41:11 EET" name="testGetUnauthorizedUser" finished-at="2022-01-16T05:41:11 EET" duration-ms="763" status="PASS">
          <reporter-output>
          </reporter-output>
        </test-method> <!-- testGetUnauthorizedUser -->
        <test-method signature="testGetUserWithProvidingEmptyUserId()[pri:0, instance:tests.usersTests.TestUserIntegration@77fbd92c]" started-at="2022-01-16T05:41:11 EET" name="testGetUserWithProvidingEmptyUserId" finished-at="2022-01-16T05:41:12 EET" depends-on-methods="tests.usersTests.TestUserIntegration.testCreateUser" duration-ms="860" status="PASS">
          <reporter-output>
          </reporter-output>
        </test-method> <!-- testGetUserWithProvidingEmptyUserId -->
        <test-method signature="testGetWrongUser()[pri:0, instance:tests.usersTests.TestUserIntegration@77fbd92c]" started-at="2022-01-16T05:41:12 EET" name="testGetWrongUser" finished-at="2022-01-16T05:41:13 EET" depends-on-methods="tests.usersTests.TestUserIntegration.testCreateUser" duration-ms="949" status="PASS">
          <reporter-output>
          </reporter-output>
        </test-method> <!-- testGetWrongUser -->
        <test-method signature="testGetUser()[pri:1, instance:tests.usersTests.TestUserIntegration@77fbd92c]" started-at="2022-01-16T05:41:13 EET" name="testGetUser" finished-at="2022-01-16T05:41:14 EET" depends-on-methods="tests.usersTests.TestUserIntegration.testCreateUser" duration-ms="1034" status="PASS">
          <reporter-output>
          </reporter-output>
        </test-method> <!-- testGetUser -->
        <test-method signature="testUserAttributes()[pri:2, instance:tests.usersTests.TestUserIntegration@77fbd92c]" started-at="2022-01-16T05:41:14 EET" name="testUserAttributes" finished-at="2022-01-16T05:41:15 EET" depends-on-methods="tests.usersTests.TestUserIntegration.testCreateUser" duration-ms="959" status="FAIL">
          <exception class="java.lang.AssertionError">
            <message>
              <![CDATA[The Full Name is empty expected [false] but found [true]]]>
            </message>
            <full-stacktrace>
              <![CDATA[java.lang.AssertionError: The Full Name is empty expected [false] but found [true]
at org.testng.Assert.fail(Assert.java:99)
at org.testng.Assert.failNotEquals(Assert.java:1037)
at org.testng.Assert.assertFalse(Assert.java:67)
at tests.usersTests.TestUserIntegration.testUserAttributes(TestUserIntegration.java:51)
at java.base/jdk.internal.reflect.NativeMethodAccessorImpl.invoke0(Native Method)
at java.base/jdk.internal.reflect.NativeMethodAccessorImpl.invoke(NativeMethodAccessorImpl.java:78)
at java.base/jdk.internal.reflect.DelegatingMethodAccessorImpl.invoke(DelegatingMethodAccessorImpl.java:43)
at java.base/java.lang.reflect.Method.invoke(Method.java:567)
at org.testng.internal.MethodInvocationHelper.invokeMethod(MethodInvocationHelper.java:132)
at org.testng.internal.TestInvoker.invokeMethod(TestInvoker.java:599)
at org.testng.internal.TestInvoker.invokeTestMethod(TestInvoker.java:174)
at org.testng.internal.MethodRunner.runInSequence(MethodRunner.java:46)
at org.testng.internal.TestInvoker$MethodInvocationAgent.invoke(TestInvoker.java:822)
at org.testng.internal.TestInvoker.invokeTestMethods(TestInvoker.java:147)
at org.testng.internal.TestMethodWorker.invokeTestMethods(TestMethodWorker.java:146)
at org.testng.internal.TestMethodWorker.run(TestMethodWorker.java:128)
at java.base/java.util.ArrayList.forEach(ArrayList.java:1511)
at org.testng.TestRunner.privateRun(TestRunner.java:764)
at org.testng.TestRunner.run(TestRunner.java:585)
at org.testng.SuiteRunner.runTest(SuiteRunner.java:384)
at org.testng.SuiteRunner.runSequentially(SuiteRunner.java:378)
at org.testng.SuiteRunner.privateRun(SuiteRunner.java:337)
at org.testng.SuiteRunner.run(SuiteRunner.java:286)
at org.testng.SuiteRunnerWorker.runSuite(SuiteRunnerWorker.java:53)
at org.testng.SuiteRunnerWorker.run(SuiteRunnerWorker.java:96)
at org.testng.TestNG.runSuitesSequentially(TestNG.java:1218)
at org.testng.TestNG.runSuitesLocally(TestNG.java:1140)
at org.testng.TestNG.runSuites(TestNG.java:1069)
at org.testng.TestNG.run(TestNG.java:1037)
at org.apache.maven.surefire.testng.TestNGExecutor.run(TestNGExecutor.java:77)
at org.apache.maven.surefire.testng.TestNGDirectoryTestSuite.executeMulti(TestNGDirectoryTestSuite.java:159)
at org.apache.maven.surefire.testng.TestNGDirectoryTestSuite.execute(TestNGDirectoryTestSuite.java:99)
at org.apache.maven.surefire.testng.TestNGProvider.invoke(TestNGProvider.java:106)
at java.base/jdk.internal.reflect.NativeMethodAccessorImpl.invoke0(Native Method)
at java.base/jdk.internal.reflect.NativeMethodAccessorImpl.invoke(NativeMethodAccessorImpl.java:78)
at java.base/jdk.internal.reflect.DelegatingMethodAccessorImpl.invoke(DelegatingMethodAccessorImpl.java:43)
at java.base/java.lang.reflect.Method.invoke(Method.java:567)
at org.apache.maven.surefire.util.ReflectionUtils.invokeMethodWithArray(ReflectionUtils.java:189)
at org.apache.maven.surefire.booter.ProviderFactory$ProviderProxy.invoke(ProviderFactory.java:165)
at org.apache.maven.surefire.booter.ProviderFactory.invokeProvider(ProviderFactory.java:85)
at org.apache.maven.surefire.booter.ForkedBooter.runSuitesInProcess(ForkedBooter.java:115)
at org.apache.maven.surefire.booter.ForkedBooter.main(ForkedBooter.java:75)
]]>
            </full-stacktrace>
          </exception> <!-- java.lang.AssertionError -->
          <reporter-output>
          </reporter-output>
        </test-method> <!-- testUserAttributes -->
        <test-method signature="testUpdateUser()[pri:3, instance:tests.usersTests.TestUserIntegration@77fbd92c]" started-at="2022-01-16T05:41:15 EET" name="testUpdateUser" finished-at="2022-01-16T05:41:17 EET" depends-on-methods="tests.usersTests.TestUserIntegration.testCreateUser" duration-ms="1842" status="PASS">
          <reporter-output>
          </reporter-output>
        </test-method> <!-- testUpdateUser -->
        <test-method signature="testDeleteUser()[pri:4, instance:tests.usersTests.TestUserIntegration@77fbd92c]" started-at="2022-01-16T05:41:17 EET" name="testDeleteUser" finished-at="2022-01-16T05:41:18 EET" depends-on-methods="tests.usersTests.TestUserIntegration.testCreateUser" duration-ms="852" status="PASS">
          <reporter-output>
          </reporter-output>
        </test-method> <!-- testDeleteUser -->
        <test-method signature="verifyTheUserStatusAfterDeleting()[pri:5, instance:tests.usersTests.TestUserIntegration@77fbd92c]" started-at="2022-01-16T05:41:18 EET" name="verifyTheUserStatusAfterDeleting" finished-at="2022-01-16T05:41:19 EET" depends-on-methods="tests.usersTests.TestUserIntegration.testCreateUser" duration-ms="860" status="PASS">
          <reporter-output>
          </reporter-output>
        </test-method> <!-- verifyTheUserStatusAfterDeleting -->
      </class> <!-- tests.usersTests.TestUserIntegration -->
      <class name="tests.contactsTests.TestContacts">
        <test-method is-config="true" signature="init()[pri:0, instance:tests.contactsTests.TestContacts@59662a0b]" started-at="2022-01-16T05:40:52 EET" name="init" finished-at="2022-01-16T05:40:54 EET" duration-ms="1672" status="PASS">
          <reporter-output>
          </reporter-output>
        </test-method> <!-- init -->
        <test-method signature="testCreateContact()[pri:0, instance:tests.contactsTests.TestContacts@59662a0b]" started-at="2022-01-16T05:40:54 EET" name="testCreateContact" finished-at="2022-01-16T05:40:55 EET" duration-ms="908" status="PASS">
          <reporter-output>
          </reporter-output>
        </test-method> <!-- testCreateContact -->
        <test-method signature="testGetContactsOfAnUser()[pri:0, instance:tests.contactsTests.TestContacts@59662a0b]" started-at="2022-01-16T05:40:55 EET" name="testGetContactsOfAnUser" finished-at="2022-01-16T05:41:02 EET" depends-on-methods="tests.contactsTests.TestContacts.testCreateContact" duration-ms="7302" status="PASS">
          <reporter-output>
          </reporter-output>
        </test-method> <!-- testGetContactsOfAnUser -->
        <test-method signature="testImportOneOrMoreContacts()[pri:0, instance:tests.contactsTests.TestContacts@59662a0b]" started-at="2022-01-16T05:41:02 EET" name="testImportOneOrMoreContacts" finished-at="2022-01-16T05:41:03 EET" depends-on-methods="tests.contactsTests.TestContacts.testCreateContact" duration-ms="826" status="PASS">
          <reporter-output>
          </reporter-output>
        </test-method> <!-- testImportOneOrMoreContacts -->
        <test-method signature="testGetContact()[pri:1, instance:tests.contactsTests.TestContacts@59662a0b]" started-at="2022-01-16T05:41:03 EET" name="testGetContact" finished-at="2022-01-16T05:41:04 EET" depends-on-methods="tests.contactsTests.TestContacts.testCreateContact" duration-ms="861" status="PASS">
          <reporter-output>
          </reporter-output>
        </test-method> <!-- testGetContact -->
        <test-method signature="testUpdateContact()[pri:2, instance:tests.contactsTests.TestContacts@59662a0b]" started-at="2022-01-16T05:41:04 EET" name="testUpdateContact" finished-at="2022-01-16T05:41:05 EET" depends-on-methods="tests.contactsTests.TestContacts.testCreateContact" duration-ms="890" status="PASS">
          <reporter-output>
          </reporter-output>
        </test-method> <!-- testUpdateContact -->
        <test-method signature="testDeleteContact()[pri:3, instance:tests.contactsTests.TestContacts@59662a0b]" started-at="2022-01-16T05:41:05 EET" name="testDeleteContact" finished-at="2022-01-16T05:41:06 EET" depends-on-methods="tests.contactsTests.TestContacts.testCreateContact" duration-ms="844" status="PASS">
          <reporter-output>
          </reporter-output>
        </test-method> <!-- testDeleteContact -->
        <test-method signature="verifyTheContactStatusAfterDeleting()[pri:4, instance:tests.contactsTests.TestContacts@59662a0b]" started-at="2022-01-16T05:41:06 EET" name="verifyTheContactStatusAfterDeleting" finished-at="2022-01-16T05:41:07 EET" depends-on-methods="tests.contactsTests.TestContacts.testCreateContact" duration-ms="844" status="PASS">
          <reporter-output>
          </reporter-output>
        </test-method> <!-- verifyTheContactStatusAfterDeleting -->
        <test-method is-config="true" signature="tearDown()[pri:0, instance:tests.contactsTests.TestContacts@59662a0b]" started-at="2022-01-16T05:41:07 EET" name="tearDown" finished-at="2022-01-16T05:41:07 EET" duration-ms="791" status="PASS">
          <reporter-output>
          </reporter-output>
        </test-method> <!-- tearDown -->
      </class> <!-- tests.contactsTests.TestContacts -->
      <class name="tests.nftsTests.TestNfts">
        <test-method is-config="true" signature="init()[pri:0, instance:tests.nftsTests.TestNfts@67c27493]" started-at="2022-01-16T05:41:19 EET" name="init" finished-at="2022-01-16T05:41:21 EET" duration-ms="2061" status="PASS">
          <reporter-output>
          </reporter-output>
        </test-method> <!-- init -->
        <test-method signature="testCreateNft()[pri:0, instance:tests.nftsTests.TestNfts@67c27493]" started-at="2022-01-16T05:41:21 EET" name="testCreateNft" finished-at="2022-01-16T05:41:23 EET" duration-ms="1659" status="PASS">
          <reporter-output>
          </reporter-output>
        </test-method> <!-- testCreateNft -->
        <test-method signature="testGetAllNfts()[pri:0, instance:tests.nftsTests.TestNfts@67c27493]" started-at="2022-01-16T05:41:23 EET" name="testGetAllNfts" finished-at="2022-01-16T05:41:25 EET" duration-ms="1893" status="FAIL">
          <exception class="java.lang.AssertionError">
            <message>
              <![CDATA[1 expectation failed.
Expected status code <200> but was <500>.
]]>
            </message>
            <full-stacktrace>
              <![CDATA[java.lang.AssertionError: 1 expectation failed.
Expected status code <200> but was <500>.

at java.base/jdk.internal.reflect.NativeConstructorAccessorImpl.newInstance0(Native Method)
at java.base/jdk.internal.reflect.NativeConstructorAccessorImpl.newInstance(NativeConstructorAccessorImpl.java:78)
at java.base/jdk.internal.reflect.DelegatingConstructorAccessorImpl.newInstance(DelegatingConstructorAccessorImpl.java:45)
at java.base/java.lang.reflect.Constructor.newInstanceWithCaller(Constructor.java:499)
at java.base/java.lang.reflect.Constructor.newInstance(Constructor.java:480)
at org.codehaus.groovy.reflection.CachedConstructor.invoke(CachedConstructor.java:72)
at org.codehaus.groovy.runtime.callsite.ConstructorSite$ConstructorSiteNoUnwrapNoCoerce.callConstructor(ConstructorSite.java:105)
at org.codehaus.groovy.runtime.callsite.CallSiteArray.defaultCallConstructor(CallSiteArray.java:59)
at org.codehaus.groovy.runtime.callsite.AbstractCallSite.callConstructor(AbstractCallSite.java:263)
at org.codehaus.groovy.runtime.callsite.AbstractCallSite.callConstructor(AbstractCallSite.java:277)
at io.restassured.internal.ResponseSpecificationImpl$HamcrestAssertionClosure.validate(ResponseSpecificationImpl.groovy:493)
at io.restassured.internal.ResponseSpecificationImpl$HamcrestAssertionClosure$validate$1.call(Unknown Source)
at io.restassured.internal.ResponseSpecificationImpl.validateResponseIfRequired(ResponseSpecificationImpl.groovy:674)
at jdk.internal.reflect.GeneratedMethodAccessor138.invoke(Unknown Source)
at java.base/jdk.internal.reflect.DelegatingMethodAccessorImpl.invoke(DelegatingMethodAccessorImpl.java:43)
at java.base/java.lang.reflect.Method.invoke(Method.java:567)
at org.codehaus.groovy.runtime.callsite.PlainObjectMetaMethodSite.doInvoke(PlainObjectMetaMethodSite.java:43)
at org.codehaus.groovy.runtime.callsite.PogoMetaMethodSite$PogoCachedMethodSiteNoUnwrapNoCoerce.invoke(PogoMetaMethodSite.java:193)
at org.codehaus.groovy.runtime.callsite.PogoMetaMethodSite.callCurrent(PogoMetaMethodSite.java:61)
at org.codehaus.groovy.runtime.callsite.AbstractCallSite.callCurrent(AbstractCallSite.java:185)
at io.restassured.internal.ResponseSpecificationImpl.statusCode(ResponseSpecificationImpl.groovy:126)
at io.restassured.specification.ResponseSpecification$statusCode$0.callCurrent(Unknown Source)
at io.restassured.internal.ResponseSpecificationImpl.statusCode(ResponseSpecificationImpl.groovy:134)
at io.restassured.internal.ValidatableResponseOptionsImpl.statusCode(ValidatableResponseOptionsImpl.java:89)
at io.restassured.internal.ValidatableResponseImpl.super$2$statusCode(ValidatableResponseImpl.groovy)
at jdk.internal.reflect.GeneratedMethodAccessor137.invoke(Unknown Source)
at java.base/jdk.internal.reflect.DelegatingMethodAccessorImpl.invoke(DelegatingMethodAccessorImpl.java:43)
at java.base/java.lang.reflect.Method.invoke(Method.java:567)
at org.codehaus.groovy.reflection.CachedMethod.invoke(CachedMethod.java:107)
at groovy.lang.MetaMethod.doMethodInvoke(MetaMethod.java:323)
at groovy.lang.MetaClassImpl.invokeMethod(MetaClassImpl.java:1268)
at org.codehaus.groovy.runtime.ScriptBytecodeAdapter.invokeMethodOnSuperN(ScriptBytecodeAdapter.java:144)
at io.restassured.internal.ValidatableResponseImpl.statusCode(ValidatableResponseImpl.groovy:142)
at io.restassured.internal.ValidatableResponseImpl.statusCode(ValidatableResponseImpl.groovy)
at helpers.NftServiceHelper.getAllNftDetails(NftServiceHelper.java:43)
at tests.nftsTests.TestNfts.testGetAllNfts(TestNfts.java:43)
at java.base/jdk.internal.reflect.NativeMethodAccessorImpl.invoke0(Native Method)
at java.base/jdk.internal.reflect.NativeMethodAccessorImpl.invoke(NativeMethodAccessorImpl.java:78)
at java.base/jdk.internal.reflect.DelegatingMethodAccessorImpl.invoke(DelegatingMethodAccessorImpl.java:43)
at java.base/java.lang.reflect.Method.invoke(Method.java:567)
at org.testng.internal.MethodInvocationHelper.invokeMethod(MethodInvocationHelper.java:132)
at org.testng.internal.TestInvoker.invokeMethod(TestInvoker.java:599)
at org.testng.internal.TestInvoker.invokeTestMethod(TestInvoker.java:174)
at org.testng.internal.MethodRunner.runInSequence(MethodRunner.java:46)
at org.testng.internal.TestInvoker$MethodInvocationAgent.invoke(TestInvoker.java:822)
at org.testng.internal.TestInvoker.invokeTestMethods(TestInvoker.java:147)
at org.testng.internal.TestMethodWorker.invokeTestMethods(TestMethodWorker.java:146)
at org.testng.internal.TestMethodWorker.run(TestMethodWorker.java:128)
at java.base/java.util.ArrayList.forEach(ArrayList.java:1511)
at org.testng.TestRunner.privateRun(TestRunner.java:764)
at org.testng.TestRunner.run(TestRunner.java:585)
at org.testng.SuiteRunner.runTest(SuiteRunner.java:384)
at org.testng.SuiteRunner.runSequentially(SuiteRunner.java:378)
at org.testng.SuiteRunner.privateRun(SuiteRunner.java:337)
at org.testng.SuiteRunner.run(SuiteRunner.java:286)
at org.testng.SuiteRunnerWorker.runSuite(SuiteRunnerWorker.java:53)
at org.testng.SuiteRunnerWorker.run(SuiteRunnerWorker.java:96)
at org.testng.TestNG.runSuitesSequentially(TestNG.java:1218)
at org.testng.TestNG.runSuitesLocally(TestNG.java:1140)
at org.testng.TestNG.runSuites(TestNG.java:1069)
at org.testng.TestNG.run(TestNG.java:1037)
at org.apache.maven.surefire.testng.TestNGExecutor.run(TestNGExecutor.java:77)
at org.apache.maven.surefire.testng.TestNGDirectoryTestSuite.executeMulti(TestNGDirectoryTestSuite.java:159)
at org.apache.maven.surefire.testng.TestNGDirectoryTestSuite.execute(TestNGDirectoryTestSuite.java:99)
at org.apache.maven.surefire.testng.TestNGProvider.invoke(TestNGProvider.java:106)
at java.base/jdk.internal.reflect.NativeMethodAccessorImpl.invoke0(Native Method)
at java.base/jdk.internal.reflect.NativeMethodAccessorImpl.invoke(NativeMethodAccessorImpl.java:78)
at java.base/jdk.internal.reflect.DelegatingMethodAccessorImpl.invoke(DelegatingMethodAccessorImpl.java:43)
at java.base/java.lang.reflect.Method.invoke(Method.java:567)
at org.apache.maven.surefire.util.ReflectionUtils.invokeMethodWithArray(ReflectionUtils.java:189)
at org.apache.maven.surefire.booter.ProviderFactory$ProviderProxy.invoke(ProviderFactory.java:165)
at org.apache.maven.surefire.booter.ProviderFactory.invokeProvider(ProviderFactory.java:85)
at org.apache.maven.surefire.booter.ForkedBooter.runSuitesInProcess(ForkedBooter.java:115)
at org.apache.maven.surefire.booter.ForkedBooter.main(ForkedBooter.java:75)
]]>
            </full-stacktrace>
          </exception> <!-- java.lang.AssertionError -->
          <reporter-output>
          </reporter-output>
        </test-method> <!-- testGetAllNfts -->
        <test-method signature="testGetSingleNft()[pri:1, instance:tests.nftsTests.TestNfts@67c27493]" started-at="2022-01-16T05:41:25 EET" name="testGetSingleNft" finished-at="2022-01-16T05:41:25 EET" depends-on-methods="tests.nftsTests.TestNfts.testCreateNft" duration-ms="901" status="PASS">
          <reporter-output>
          </reporter-output>
        </test-method> <!-- testGetSingleNft -->
        <test-method signature="testUpdateNft()[pri:2, instance:tests.nftsTests.TestNfts@67c27493]" started-at="2022-01-16T05:41:25 EET" name="testUpdateNft" finished-at="2022-01-16T05:41:27 EET" depends-on-methods="tests.nftsTests.TestNfts.testCreateNft" duration-ms="1056" status="PASS">
          <reporter-output>
          </reporter-output>
        </test-method> <!-- testUpdateNft -->
        <test-method signature="testDeleteNft()[pri:3, instance:tests.nftsTests.TestNfts@67c27493]" started-at="2022-01-16T05:41:27 EET" name="testDeleteNft" finished-at="2022-01-16T05:41:27 EET" depends-on-methods="tests.nftsTests.TestNfts.testCreateNft" duration-ms="848" status="PASS">
          <reporter-output>
          </reporter-output>
        </test-method> <!-- testDeleteNft -->
        <test-method signature="verifyTheNftStatusAfterDeleting()[pri:4, instance:tests.nftsTests.TestNfts@67c27493]" started-at="2022-01-16T05:41:27 EET" name="verifyTheNftStatusAfterDeleting" finished-at="2022-01-16T05:41:28 EET" depends-on-methods="tests.nftsTests.TestNfts.testDeleteNft" duration-ms="911" status="PASS">
          <reporter-output>
          </reporter-output>
        </test-method> <!-- verifyTheNftStatusAfterDeleting -->
        <test-method is-config="true" signature="tearDown()[pri:0, instance:tests.nftsTests.TestNfts@67c27493]" started-at="2022-01-16T05:41:28 EET" name="tearDown" finished-at="2022-01-16T05:41:29 EET" duration-ms="901" status="PASS">
          <reporter-output>
          </reporter-output>
        </test-method> <!-- tearDown -->
      </class> <!-- tests.nftsTests.TestNfts -->
      <class name="tests.transactionsTests.TestUserTransactionsIntegration">
        <test-method is-config="true" signature="init()[pri:0, instance:tests.transactionsTests.TestUserTransactionsIntegration@1b7cc17c]" started-at="2022-01-16T05:40:37 EET" name="init" finished-at="2022-01-16T05:40:43 EET" duration-ms="6259" status="PASS">
          <reporter-output>
          </reporter-output>
        </test-method> <!-- init -->
        <test-method signature="testCreateTransaction()[pri:0, instance:tests.transactionsTests.TestUserTransactionsIntegration@1b7cc17c]" started-at="2022-01-16T05:40:43 EET" name="testCreateTransaction" finished-at="2022-01-16T05:40:45 EET" duration-ms="1546" status="PASS">
          <reporter-output>
          </reporter-output>
        </test-method> <!-- testCreateTransaction -->
        <test-method signature="testGetUserTransactions()[pri:1, instance:tests.transactionsTests.TestUserTransactionsIntegration@1b7cc17c]" started-at="2022-01-16T05:40:45 EET" name="testGetUserTransactions" finished-at="2022-01-16T05:40:46 EET" depends-on-methods="tests.transactionsTests.TestUserTransactionsIntegration.testCreateTransaction" duration-ms="1067" status="PASS">
          <reporter-output>
          </reporter-output>
        </test-method> <!-- testGetUserTransactions -->
        <test-method signature="testGetNftTransactions()[pri:3, instance:tests.transactionsTests.TestUserTransactionsIntegration@1b7cc17c]" started-at="2022-01-16T05:40:46 EET" name="testGetNftTransactions" finished-at="2022-01-16T05:40:47 EET" depends-on-methods="tests.transactionsTests.TestUserTransactionsIntegration.testCreateTransaction" duration-ms="1016" status="PASS">
          <reporter-output>
          </reporter-output>
        </test-method> <!-- testGetNftTransactions -->
        <test-method signature="testUpdateTransaction()[pri:4, instance:tests.transactionsTests.TestUserTransactionsIntegration@1b7cc17c]" started-at="2022-01-16T05:40:47 EET" name="testUpdateTransaction" finished-at="2022-01-16T05:40:48 EET" depends-on-methods="tests.transactionsTests.TestUserTransactionsIntegration.testCreateTransaction" duration-ms="882" status="PASS">
          <reporter-output>
          </reporter-output>
        </test-method> <!-- testUpdateTransaction -->
        <test-method signature="testDeleteTransaction()[pri:5, instance:tests.transactionsTests.TestUserTransactionsIntegration@1b7cc17c]" started-at="2022-01-16T05:40:48 EET" name="testDeleteTransaction" finished-at="2022-01-16T05:40:49 EET" depends-on-methods="tests.transactionsTests.TestUserTransactionsIntegration.testCreateTransaction" duration-ms="917" status="PASS">
          <reporter-output>
          </reporter-output>
        </test-method> <!-- testDeleteTransaction -->
        <test-method signature="verifyTheTransactionStatusAfterDeleting()[pri:6, instance:tests.transactionsTests.TestUserTransactionsIntegration@1b7cc17c]" started-at="2022-01-16T05:40:49 EET" name="verifyTheTransactionStatusAfterDeleting" finished-at="2022-01-16T05:40:50 EET" depends-on-methods="tests.transactionsTests.TestUserTransactionsIntegration.testCreateTransaction" duration-ms="879" status="PASS">
          <reporter-output>
          </reporter-output>
        </test-method> <!-- verifyTheTransactionStatusAfterDeleting -->
        <test-method is-config="true" signature="tearDown()[pri:0, instance:tests.transactionsTests.TestUserTransactionsIntegration@1b7cc17c]" started-at="2022-01-16T05:40:50 EET" name="tearDown" finished-at="2022-01-16T05:40:52 EET" duration-ms="2512" status="PASS">
          <reporter-output>
          </reporter-output>
        </test-method> <!-- tearDown -->
      </class> <!-- tests.transactionsTests.TestUserTransactionsIntegration -->
      <class name="tests.TestLogin">
        <test-method is-config="true" signature="init()[pri:0, instance:tests.TestLogin@4efbca5a]" started-at="2022-01-16T05:40:28 EET" name="init" finished-at="2022-01-16T05:40:30 EET" duration-ms="1206" status="PASS">
          <reporter-output>
          </reporter-output>
        </test-method> <!-- init -->
        <test-method signature="testCreateLoginOtp()[pri:0, instance:tests.TestLogin@4efbca5a]" started-at="2022-01-16T05:40:30 EET" name="testCreateLoginOtp" finished-at="2022-01-16T05:40:35 EET" duration-ms="5339" status="PASS">
          <reporter-output>
          </reporter-output>
        </test-method> <!-- testCreateLoginOtp -->
        <test-method signature="testVerifyLoginOtp()[pri:0, instance:tests.TestLogin@4efbca5a]" started-at="2022-01-16T05:40:35 EET" name="testVerifyLoginOtp" finished-at="2022-01-16T05:40:37 EET" duration-ms="2128" status="PASS">
          <reporter-output>
          </reporter-output>
        </test-method> <!-- testVerifyLoginOtp -->
      </class> <!-- tests.TestLogin -->
    </test> <!-- Command line test -->
  </suite> <!-- Command line suite -->
</testng-results>
