<?xml version="1.0" encoding="UTF-8"?>
<testng-results ignored="0" total="16" passed="15" failed="1" skipped="0">
  <reporter-output>
  </reporter-output>
  <suite started-at="2022-01-13T22:27:01 EET" name="Command line suite" finished-at="2022-01-13T22:27:34 EET" duration-ms="33429">
    <groups>
    </groups>
    <test started-at="2022-01-13T22:27:01 EET" name="Command line test" finished-at="2022-01-13T22:27:34 EET" duration-ms="33429">
      <class name="tests.usersTests.TestUserIntegration">
        <test-method is-config="true" signature="init()[pri:0, instance:tests.usersTests.TestUserIntegration@3febb011]" started-at="2022-01-13T22:27:16 EET" name="init" finished-at="2022-01-13T22:27:16 EET" duration-ms="1" status="PASS">
          <reporter-output>
          </reporter-output>
        </test-method> <!-- init -->
        <test-method signature="testCreateUser()[pri:0, instance:tests.usersTests.TestUserIntegration@3febb011]" started-at="2022-01-13T22:27:16 EET" name="testCreateUser" finished-at="2022-01-13T22:27:18 EET" duration-ms="1789" status="PASS">
          <reporter-output>
          </reporter-output>
        </test-method> <!-- testCreateUser -->
        <test-method signature="testGetUser()[pri:1, instance:tests.usersTests.TestUserIntegration@3febb011]" started-at="2022-01-13T22:27:18 EET" name="testGetUser" finished-at="2022-01-13T22:27:19 EET" depends-on-methods="tests.usersTests.TestUserIntegration.testCreateUser" duration-ms="904" status="FAIL">
          <exception class="java.lang.AssertionError">
            <message>
              <![CDATA[The Full Name is empty did not expect [] but found []]]>
            </message>
            <full-stacktrace>
              <![CDATA[java.lang.AssertionError: The Full Name is empty did not expect [] but found []
at org.testng.Assert.fail(Assert.java:99)
at org.testng.Assert.failEquals(Assert.java:1041)
at org.testng.Assert.assertNotEqualsImpl(Assert.java:147)
at org.testng.Assert.assertNotEquals(Assert.java:1531)
at tests.usersTests.TestUserIntegration.testGetUser(TestUserIntegration.java:44)
at java.base/jdk.internal.reflect.NativeMethodAccessorImpl.invoke0(Native Method)
at java.base/jdk.internal.reflect.NativeMethodAccessorImpl.invoke(NativeMethodAccessorImpl.java:78)
at java.base/jdk.internal.reflect.DelegatingMethodAccessorImpl.invoke(DelegatingMethodAccessorImpl.java:43)
at java.base/java.lang.reflect.Method.invoke(Method.java:567)
at org.testng.internal.MethodInvocationHelper.invokeMethod(MethodInvocationHelper.java:132)
at org.testng.internal.TestInvoker.invokeMethod(TestInvoker.java:599)
at org.testng.internal.TestInvoker.invokeTestMethod(TestInvoker.java:174)
at org.testng.internal.MethodRunner.runInSequence(MethodRunner.java:46)
at org.testng.internal.TestInvoker$MethodInvocationAgent.invoke(TestInvoker.java:822)
at org.testng.internal.TestInvoker.invokeTestMethods(TestInvoker.java:147)
at org.testng.internal.TestMethodWorker.invokeTestMethods(TestMethodWorker.java:146)
at org.testng.internal.TestMethodWorker.run(TestMethodWorker.java:128)
at java.base/java.util.ArrayList.forEach(ArrayList.java:1511)
at org.testng.TestRunner.privateRun(TestRunner.java:764)
at org.testng.TestRunner.run(TestRunner.java:585)
at org.testng.SuiteRunner.runTest(SuiteRunner.java:384)
at org.testng.SuiteRunner.runSequentially(SuiteRunner.java:378)
at org.testng.SuiteRunner.privateRun(SuiteRunner.java:337)
at org.testng.SuiteRunner.run(SuiteRunner.java:286)
at org.testng.SuiteRunnerWorker.runSuite(SuiteRunnerWorker.java:53)
at org.testng.SuiteRunnerWorker.run(SuiteRunnerWorker.java:96)
at org.testng.TestNG.runSuitesSequentially(TestNG.java:1218)
at org.testng.TestNG.runSuitesLocally(TestNG.java:1140)
at org.testng.TestNG.runSuites(TestNG.java:1069)
at org.testng.TestNG.run(TestNG.java:1037)
at org.apache.maven.surefire.testng.TestNGExecutor.run(TestNGExecutor.java:77)
at org.apache.maven.surefire.testng.TestNGDirectoryTestSuite.executeMulti(TestNGDirectoryTestSuite.java:159)
at org.apache.maven.surefire.testng.TestNGDirectoryTestSuite.execute(TestNGDirectoryTestSuite.java:99)
at org.apache.maven.surefire.testng.TestNGProvider.invoke(TestNGProvider.java:106)
at java.base/jdk.internal.reflect.NativeMethodAccessorImpl.invoke0(Native Method)
at java.base/jdk.internal.reflect.NativeMethodAccessorImpl.invoke(NativeMethodAccessorImpl.java:78)
at java.base/jdk.internal.reflect.DelegatingMethodAccessorImpl.invoke(DelegatingMethodAccessorImpl.java:43)
at java.base/java.lang.reflect.Method.invoke(Method.java:567)
at org.apache.maven.surefire.util.ReflectionUtils.invokeMethodWithArray(ReflectionUtils.java:189)
at org.apache.maven.surefire.booter.ProviderFactory$ProviderProxy.invoke(ProviderFactory.java:165)
at org.apache.maven.surefire.booter.ProviderFactory.invokeProvider(ProviderFactory.java:85)
at org.apache.maven.surefire.booter.ForkedBooter.runSuitesInProcess(ForkedBooter.java:115)
at org.apache.maven.surefire.booter.ForkedBooter.main(ForkedBooter.java:75)
]]>
            </full-stacktrace>
          </exception> <!-- java.lang.AssertionError -->
          <reporter-output>
          </reporter-output>
        </test-method> <!-- testGetUser -->
        <test-method signature="testUpdateUser()[pri:2, instance:tests.usersTests.TestUserIntegration@3febb011]" started-at="2022-01-13T22:27:19 EET" name="testUpdateUser" finished-at="2022-01-13T22:27:20 EET" depends-on-methods="tests.usersTests.TestUserIntegration.testCreateUser" duration-ms="1764" status="PASS">
          <reporter-output>
          </reporter-output>
        </test-method> <!-- testUpdateUser -->
        <test-method signature="testDeleteUser()[pri:3, instance:tests.usersTests.TestUserIntegration@3febb011]" started-at="2022-01-13T22:27:20 EET" name="testDeleteUser" finished-at="2022-01-13T22:27:21 EET" depends-on-methods="tests.usersTests.TestUserIntegration.testCreateUser" duration-ms="971" status="PASS">
          <reporter-output>
          </reporter-output>
        </test-method> <!-- testDeleteUser -->
        <test-method signature="verifyTheUserStatusAfterDeleting()[pri:4, instance:tests.usersTests.TestUserIntegration@3febb011]" started-at="2022-01-13T22:27:21 EET" name="verifyTheUserStatusAfterDeleting" finished-at="2022-01-13T22:27:22 EET" depends-on-methods="tests.usersTests.TestUserIntegration.testCreateUser" duration-ms="982" status="PASS">
          <reporter-output>
          </reporter-output>
        </test-method> <!-- verifyTheUserStatusAfterDeleting -->
      </class> <!-- tests.usersTests.TestUserIntegration -->
      <class name="tests.nftsTests.TestNfts">
        <test-method is-config="true" signature="init()[pri:0, instance:tests.nftsTests.TestNfts@10e31a9a]" started-at="2022-01-13T22:27:22 EET" name="init" finished-at="2022-01-13T22:27:24 EET" duration-ms="1806" status="PASS">
          <reporter-output>
          </reporter-output>
        </test-method> <!-- init -->
        <test-method signature="testCreateNft()[pri:0, instance:tests.nftsTests.TestNfts@10e31a9a]" started-at="2022-01-13T22:27:24 EET" name="testCreateNft" finished-at="2022-01-13T22:27:26 EET" duration-ms="1557" status="PASS">
          <reporter-output>
          </reporter-output>
        </test-method> <!-- testCreateNft -->
        <test-method signature="testGetAllNfts()[pri:0, instance:tests.nftsTests.TestNfts@10e31a9a]" started-at="2022-01-13T22:27:26 EET" name="testGetAllNfts" finished-at="2022-01-13T22:27:30 EET" duration-ms="3959" status="PASS">
          <reporter-output>
          </reporter-output>
        </test-method> <!-- testGetAllNfts -->
        <test-method signature="testGetSingleNft()[pri:1, instance:tests.nftsTests.TestNfts@10e31a9a]" started-at="2022-01-13T22:27:30 EET" name="testGetSingleNft" finished-at="2022-01-13T22:27:31 EET" depends-on-methods="tests.nftsTests.TestNfts.testCreateNft" duration-ms="879" status="PASS">
          <reporter-output>
          </reporter-output>
        </test-method> <!-- testGetSingleNft -->
        <test-method signature="testUpdateNft()[pri:2, instance:tests.nftsTests.TestNfts@10e31a9a]" started-at="2022-01-13T22:27:31 EET" name="testUpdateNft" finished-at="2022-01-13T22:27:32 EET" depends-on-methods="tests.nftsTests.TestNfts.testCreateNft" duration-ms="920" status="PASS">
          <reporter-output>
          </reporter-output>
        </test-method> <!-- testUpdateNft -->
        <test-method signature="testDeleteNft()[pri:3, instance:tests.nftsTests.TestNfts@10e31a9a]" started-at="2022-01-13T22:27:32 EET" name="testDeleteNft" finished-at="2022-01-13T22:27:32 EET" depends-on-methods="tests.nftsTests.TestNfts.testCreateNft" duration-ms="881" status="PASS">
          <reporter-output>
          </reporter-output>
        </test-method> <!-- testDeleteNft -->
        <test-method signature="verifyTheNftStatusAfterDeleting()[pri:4, instance:tests.nftsTests.TestNfts@10e31a9a]" started-at="2022-01-13T22:27:32 EET" name="verifyTheNftStatusAfterDeleting" finished-at="2022-01-13T22:27:33 EET" depends-on-methods="tests.nftsTests.TestNfts.testDeleteNft" duration-ms="871" status="PASS">
          <reporter-output>
          </reporter-output>
        </test-method> <!-- verifyTheNftStatusAfterDeleting -->
        <test-method is-config="true" signature="tearDown()[pri:0, instance:tests.nftsTests.TestNfts@10e31a9a]" started-at="2022-01-13T22:27:33 EET" name="tearDown" finished-at="2022-01-13T22:27:34 EET" duration-ms="824" status="PASS">
          <reporter-output>
          </reporter-output>
        </test-method> <!-- tearDown -->
      </class> <!-- tests.nftsTests.TestNfts -->
      <class name="tests.transactionsTests.TestUserTransactionsIntegration">
        <test-method is-config="true" signature="init()[pri:0, instance:tests.transactionsTests.TestUserTransactionsIntegration@74fe5c40]" started-at="2022-01-13T22:27:01 EET" name="init" finished-at="2022-01-13T22:27:08 EET" duration-ms="7572" status="PASS">
          <reporter-output>
          </reporter-output>
        </test-method> <!-- init -->
        <test-method signature="testDeleteTransaction()[pri:0, instance:tests.transactionsTests.TestUserTransactionsIntegration@74fe5c40]" started-at="2022-01-13T22:27:08 EET" name="testDeleteTransaction" finished-at="2022-01-13T22:27:11 EET" duration-ms="2459" status="PASS">
          <reporter-output>
          </reporter-output>
        </test-method> <!-- testDeleteTransaction -->
        <test-method signature="testGetNftTransactions()[pri:0, instance:tests.transactionsTests.TestUserTransactionsIntegration@74fe5c40]" started-at="2022-01-13T22:27:11 EET" name="testGetNftTransactions" finished-at="2022-01-13T22:27:12 EET" duration-ms="1137" status="PASS">
          <reporter-output>
          </reporter-output>
        </test-method> <!-- testGetNftTransactions -->
        <test-method signature="testGetUserTransactions()[pri:0, instance:tests.transactionsTests.TestUserTransactionsIntegration@74fe5c40]" started-at="2022-01-13T22:27:12 EET" name="testGetUserTransactions" finished-at="2022-01-13T22:27:13 EET" duration-ms="1046" status="PASS">
          <reporter-output>
          </reporter-output>
        </test-method> <!-- testGetUserTransactions -->
        <test-method signature="testUpdateTransaction()[pri:0, instance:tests.transactionsTests.TestUserTransactionsIntegration@74fe5c40]" started-at="2022-01-13T22:27:13 EET" name="testUpdateTransaction" finished-at="2022-01-13T22:27:14 EET" duration-ms="913" status="PASS">
          <reporter-output>
          </reporter-output>
        </test-method> <!-- testUpdateTransaction -->
        <test-method signature="verifyTheTransactionStatusAfterDeleting()[pri:0, instance:tests.transactionsTests.TestUserTransactionsIntegration@74fe5c40]" started-at="2022-01-13T22:27:14 EET" name="verifyTheTransactionStatusAfterDeleting" finished-at="2022-01-13T22:27:15 EET" duration-ms="867" status="PASS">
          <reporter-output>
          </reporter-output>
        </test-method> <!-- verifyTheTransactionStatusAfterDeleting -->
        <test-method is-config="true" signature="tearDown()[pri:0, instance:tests.transactionsTests.TestUserTransactionsIntegration@74fe5c40]" started-at="2022-01-13T22:27:15 EET" name="tearDown" finished-at="2022-01-13T22:27:16 EET" duration-ms="921" status="PASS">
          <reporter-output>
          </reporter-output>
        </test-method> <!-- tearDown -->
      </class> <!-- tests.transactionsTests.TestUserTransactionsIntegration -->
    </test> <!-- Command line test -->
  </suite> <!-- Command line suite -->
</testng-results>
