<?xml version="1.0" encoding="UTF-8"?>
<testng-results ignored="0" total="14" passed="13" failed="1" skipped="0">
  <reporter-output>
  </reporter-output>
  <suite started-at="2022-01-13T12:50:29 EET" name="Command line suite" finished-at="2022-01-13T12:51:04 EET" duration-ms="34960">
    <groups>
    </groups>
    <test started-at="2022-01-13T12:50:29 EET" name="Command line test" finished-at="2022-01-13T12:51:04 EET" duration-ms="34960">
      <class name="tests.usersTests.TestUserIntegration">
        <test-method is-config="true" signature="init()[pri:0, instance:tests.usersTests.TestUserIntegration@436813f3]" started-at="2022-01-13T12:50:49 EET" name="init" finished-at="2022-01-13T12:50:49 EET" duration-ms="1" status="PASS">
          <reporter-output>
          </reporter-output>
        </test-method> <!-- init -->
        <test-method signature="testCreateUser()[pri:0, instance:tests.usersTests.TestUserIntegration@436813f3]" started-at="2022-01-13T12:50:49 EET" name="testCreateUser" finished-at="2022-01-13T12:50:51 EET" duration-ms="1851" status="PASS">
          <reporter-output>
          </reporter-output>
        </test-method> <!-- testCreateUser -->
        <test-method signature="testGetUser()[pri:1, instance:tests.usersTests.TestUserIntegration@436813f3]" started-at="2022-01-13T12:50:51 EET" name="testGetUser" finished-at="2022-01-13T12:50:52 EET" depends-on-methods="tests.usersTests.TestUserIntegration.testCreateUser" duration-ms="1550" status="FAIL">
          <exception class="java.lang.AssertionError">
            <message>
              <![CDATA[The Full Name is empty did not expect [] but found []]]>
            </message>
            <full-stacktrace>
              <![CDATA[java.lang.AssertionError: The Full Name is empty did not expect [] but found []
at org.testng.Assert.fail(Assert.java:99)
at org.testng.Assert.failEquals(Assert.java:1041)
at org.testng.Assert.assertNotEqualsImpl(Assert.java:147)
at org.testng.Assert.assertNotEquals(Assert.java:1531)
at tests.usersTests.TestUserIntegration.testGetUser(TestUserIntegration.java:44)
at java.base/jdk.internal.reflect.NativeMethodAccessorImpl.invoke0(Native Method)
at java.base/jdk.internal.reflect.NativeMethodAccessorImpl.invoke(NativeMethodAccessorImpl.java:78)
at java.base/jdk.internal.reflect.DelegatingMethodAccessorImpl.invoke(DelegatingMethodAccessorImpl.java:43)
at java.base/java.lang.reflect.Method.invoke(Method.java:567)
at org.testng.internal.MethodInvocationHelper.invokeMethod(MethodInvocationHelper.java:132)
at org.testng.internal.TestInvoker.invokeMethod(TestInvoker.java:599)
at org.testng.internal.TestInvoker.invokeTestMethod(TestInvoker.java:174)
at org.testng.internal.MethodRunner.runInSequence(MethodRunner.java:46)
at org.testng.internal.TestInvoker$MethodInvocationAgent.invoke(TestInvoker.java:822)
at org.testng.internal.TestInvoker.invokeTestMethods(TestInvoker.java:147)
at org.testng.internal.TestMethodWorker.invokeTestMethods(TestMethodWorker.java:146)
at org.testng.internal.TestMethodWorker.run(TestMethodWorker.java:128)
at java.base/java.util.ArrayList.forEach(ArrayList.java:1511)
at org.testng.TestRunner.privateRun(TestRunner.java:764)
at org.testng.TestRunner.run(TestRunner.java:585)
at org.testng.SuiteRunner.runTest(SuiteRunner.java:384)
at org.testng.SuiteRunner.runSequentially(SuiteRunner.java:378)
at org.testng.SuiteRunner.privateRun(SuiteRunner.java:337)
at org.testng.SuiteRunner.run(SuiteRunner.java:286)
at org.testng.SuiteRunnerWorker.runSuite(SuiteRunnerWorker.java:53)
at org.testng.SuiteRunnerWorker.run(SuiteRunnerWorker.java:96)
at org.testng.TestNG.runSuitesSequentially(TestNG.java:1218)
at org.testng.TestNG.runSuitesLocally(TestNG.java:1140)
at org.testng.TestNG.runSuites(TestNG.java:1069)
at org.testng.TestNG.run(TestNG.java:1037)
at org.apache.maven.surefire.testng.TestNGExecutor.run(TestNGExecutor.java:77)
at org.apache.maven.surefire.testng.TestNGDirectoryTestSuite.executeMulti(TestNGDirectoryTestSuite.java:159)
at org.apache.maven.surefire.testng.TestNGDirectoryTestSuite.execute(TestNGDirectoryTestSuite.java:99)
at org.apache.maven.surefire.testng.TestNGProvider.invoke(TestNGProvider.java:106)
at java.base/jdk.internal.reflect.NativeMethodAccessorImpl.invoke0(Native Method)
at java.base/jdk.internal.reflect.NativeMethodAccessorImpl.invoke(NativeMethodAccessorImpl.java:78)
at java.base/jdk.internal.reflect.DelegatingMethodAccessorImpl.invoke(DelegatingMethodAccessorImpl.java:43)
at java.base/java.lang.reflect.Method.invoke(Method.java:567)
at org.apache.maven.surefire.util.ReflectionUtils.invokeMethodWithArray(ReflectionUtils.java:189)
at org.apache.maven.surefire.booter.ProviderFactory$ProviderProxy.invoke(ProviderFactory.java:165)
at org.apache.maven.surefire.booter.ProviderFactory.invokeProvider(ProviderFactory.java:85)
at org.apache.maven.surefire.booter.ForkedBooter.runSuitesInProcess(ForkedBooter.java:115)
at org.apache.maven.surefire.booter.ForkedBooter.main(ForkedBooter.java:75)
]]>
            </full-stacktrace>
          </exception> <!-- java.lang.AssertionError -->
          <reporter-output>
          </reporter-output>
        </test-method> <!-- testGetUser -->
        <test-method signature="testUpdateUser()[pri:2, instance:tests.usersTests.TestUserIntegration@436813f3]" started-at="2022-01-13T12:50:52 EET" name="testUpdateUser" finished-at="2022-01-13T12:50:55 EET" depends-on-methods="tests.usersTests.TestUserIntegration.testCreateUser" duration-ms="2434" status="PASS">
          <reporter-output>
          </reporter-output>
        </test-method> <!-- testUpdateUser -->
        <test-method signature="testDeleteUser()[pri:3, instance:tests.usersTests.TestUserIntegration@436813f3]" started-at="2022-01-13T12:50:55 EET" name="testDeleteUser" finished-at="2022-01-13T12:50:56 EET" depends-on-methods="tests.usersTests.TestUserIntegration.testCreateUser" duration-ms="854" status="PASS">
          <reporter-output>
          </reporter-output>
        </test-method> <!-- testDeleteUser -->
        <test-method signature="verifyTheUserStatusAfterDeleting()[pri:4, instance:tests.usersTests.TestUserIntegration@436813f3]" started-at="2022-01-13T12:50:56 EET" name="verifyTheUserStatusAfterDeleting" finished-at="2022-01-13T12:50:57 EET" depends-on-methods="tests.usersTests.TestUserIntegration.testCreateUser" duration-ms="840" status="PASS">
          <reporter-output>
          </reporter-output>
        </test-method> <!-- verifyTheUserStatusAfterDeleting -->
      </class> <!-- tests.usersTests.TestUserIntegration -->
      <class name="tests.nftsTests.TestNfts">
        <test-method is-config="true" signature="init()[pri:0, instance:tests.nftsTests.TestNfts@74fe5c40]" started-at="2022-01-13T12:50:57 EET" name="init" finished-at="2022-01-13T12:50:57 EET" duration-ms="3" status="PASS">
          <reporter-output>
          </reporter-output>
        </test-method> <!-- init -->
        <test-method signature="testDeleteNft()[pri:0, instance:tests.nftsTests.TestNfts@74fe5c40]" started-at="2022-01-13T12:50:57 EET" name="testDeleteNft" finished-at="2022-01-13T12:50:58 EET" duration-ms="1477" status="PASS">
          <reporter-output>
          </reporter-output>
        </test-method> <!-- testDeleteNft -->
        <test-method signature="testGetAllNfts()[pri:0, instance:tests.nftsTests.TestNfts@74fe5c40]" started-at="2022-01-13T12:50:58 EET" name="testGetAllNfts" finished-at="2022-01-13T12:51:02 EET" duration-ms="4024" status="PASS">
          <reporter-output>
          </reporter-output>
        </test-method> <!-- testGetAllNfts -->
        <test-method signature="testGetSingleNft()[pri:0, instance:tests.nftsTests.TestNfts@74fe5c40]" started-at="2022-01-13T12:51:02 EET" name="testGetSingleNft" finished-at="2022-01-13T12:51:03 EET" duration-ms="947" status="PASS">
          <reporter-output>
          </reporter-output>
        </test-method> <!-- testGetSingleNft -->
        <test-method signature="verifyTheNftStatusAfterDeleting()[pri:0, instance:tests.nftsTests.TestNfts@74fe5c40]" started-at="2022-01-13T12:51:03 EET" name="verifyTheNftStatusAfterDeleting" finished-at="2022-01-13T12:51:04 EET" duration-ms="853" status="PASS">
          <reporter-output>
          </reporter-output>
        </test-method> <!-- verifyTheNftStatusAfterDeleting -->
      </class> <!-- tests.nftsTests.TestNfts -->
      <class name="tests.transactionsTests.TestUserTransactionsIntegration">
        <test-method is-config="true" signature="init()[pri:0, instance:tests.transactionsTests.TestUserTransactionsIntegration@8f4ea7c]" started-at="2022-01-13T12:50:29 EET" name="init" finished-at="2022-01-13T12:50:38 EET" duration-ms="8804" status="PASS">
          <reporter-output>
          </reporter-output>
        </test-method> <!-- init -->
        <test-method signature="testDeleteTransaction()[pri:0, instance:tests.transactionsTests.TestUserTransactionsIntegration@8f4ea7c]" started-at="2022-01-13T12:50:38 EET" name="testDeleteTransaction" finished-at="2022-01-13T12:50:41 EET" duration-ms="3103" status="PASS">
          <reporter-output>
          </reporter-output>
        </test-method> <!-- testDeleteTransaction -->
        <test-method signature="testGetNftTransactions()[pri:0, instance:tests.transactionsTests.TestUserTransactionsIntegration@8f4ea7c]" started-at="2022-01-13T12:50:41 EET" name="testGetNftTransactions" finished-at="2022-01-13T12:50:43 EET" duration-ms="1892" status="PASS">
          <reporter-output>
          </reporter-output>
        </test-method> <!-- testGetNftTransactions -->
        <test-method signature="testGetUserTransactions()[pri:0, instance:tests.transactionsTests.TestUserTransactionsIntegration@8f4ea7c]" started-at="2022-01-13T12:50:43 EET" name="testGetUserTransactions" finished-at="2022-01-13T12:50:44 EET" duration-ms="1117" status="PASS">
          <reporter-output>
          </reporter-output>
        </test-method> <!-- testGetUserTransactions -->
        <test-method signature="testUpdateTransaction()[pri:0, instance:tests.transactionsTests.TestUserTransactionsIntegration@8f4ea7c]" started-at="2022-01-13T12:50:44 EET" name="testUpdateTransaction" finished-at="2022-01-13T12:50:46 EET" duration-ms="1587" status="PASS">
          <reporter-output>
          </reporter-output>
        </test-method> <!-- testUpdateTransaction -->
        <test-method signature="verifyTheTransactionStatusAfterDeleting()[pri:0, instance:tests.transactionsTests.TestUserTransactionsIntegration@8f4ea7c]" started-at="2022-01-13T12:50:46 EET" name="verifyTheTransactionStatusAfterDeleting" finished-at="2022-01-13T12:50:48 EET" duration-ms="1704" status="PASS">
          <reporter-output>
          </reporter-output>
        </test-method> <!-- verifyTheTransactionStatusAfterDeleting -->
        <test-method is-config="true" signature="tearDown()[pri:0, instance:tests.transactionsTests.TestUserTransactionsIntegration@8f4ea7c]" started-at="2022-01-13T12:50:48 EET" name="tearDown" finished-at="2022-01-13T12:50:49 EET" duration-ms="1529" status="PASS">
          <reporter-output>
          </reporter-output>
        </test-method> <!-- tearDown -->
      </class> <!-- tests.transactionsTests.TestUserTransactionsIntegration -->
    </test> <!-- Command line test -->
  </suite> <!-- Command line suite -->
</testng-results>
