<?xml version="1.0" encoding="UTF-8" ?>
<testsuite tests="18" failures="2" name="TestSuite" time="33.219" errors="0" skipped="0">
  <properties>
[...]
</properties>
  <testcase classname="tests.TestLogin" name="testCreateLoginOtp" time="6.658"/>
  <testcase classname="tests.TestLogin" name="testVerifyLoginOtp" time="3.428"/>
  <testcase classname="tests.transactionsTests.TestUserTransactionsIntegration" name="testGetNftTransactions" time="1.605"/>
  <testcase classname="tests.transactionsTests.TestUserTransactionsIntegration" name="testGetUserTransactions" time="1.042"/>
  <testcase classname="tests.transactionsTests.TestUserTransactionsIntegration" name="testUpdateTransaction" time="1.53"/>
  <testcase classname="tests.contactsTests.TestContacts" name="testGetContact" time="1.569"/>
  <testcase classname="tests.contactsTests.TestContacts" name="testGetContactsOfAnUser" time="1.256"/>
  <testcase classname="tests.contactsTests.TestContacts" name="testImportOneOrMoreContacts" time="0.936"/>
  <testcase classname="tests.contactsTests.TestContacts" name="testUpdateContact" time="2.094"/>
  <testcase classname="tests.usersTests.TestUserIntegration" name="testGetUnauthorizedUser" time="0.991"/>
  <testcase classname="tests.usersTests.TestUserIntegration" name="testGetUser" time="1.006"/>
  <testcase classname="tests.usersTests.TestUserIntegration" name="testGetUserWithProvidingEmptyUserId" time="0.87"/>
  <testcase classname="tests.usersTests.TestUserIntegration" name="testGetWrongUser" time="0.818"/>
  <testcase classname="tests.usersTests.TestUserIntegration" name="testUpdateUser" time="2.941"/>
  <testcase classname="tests.usersTests.TestUserIntegration" name="testUserAttributes" time="1.125">
    <failure message="The Full Name is empty expected [false] but found [true]" type="java.lang.AssertionError">java.lang.AssertionError: The Full Name is empty expected [false] but found [true]
	at org.testng.Assert.fail(Assert.java:99)
	at org.testng.Assert.failNotEquals(Assert.java:1037)
	at org.testng.Assert.assertFalse(Assert.java:67)
	at tests.usersTests.TestUserIntegration.testUserAttributes(TestUserIntegration.java:51)
</failure>
    <system-out>{
    &quot;message&quot;: &quot;User deleted successfully!&quot;,
    &quot;data&quot;: {
        
    }
}
Request method:	GET
Request URI:	https://api.nearlogin.io/users/9Ij4JO2yH_S6BP44dzpQK
Proxy:			&lt;none&gt;
Request params:	&lt;none&gt;
Query params:	&lt;none&gt;
Form params:	&lt;none&gt;
Path params:	&lt;none&gt;
Headers:		Authorization=Bearer eyJraWQiOiJmdjZkSFwvQ05Bajk5bE10b2V2K2hrMFVBUWRZeGRyK2dlTGNJYWpqRTlCMD0iLCJhbGciOiJSUzI1NiJ9.eyJvcmlnaW5fanRpIjoiNzU3NjdhODctMDllYi00ZTI5LWEyMDUtZDY5ZDkzZjRiNDc1Iiwic3ViIjoiZGQ4OGVmZWQtNDkzZC00ODhmLTg3NzUtYzk5YjI2YTY5NjkxIiwiZXZlbnRfaWQiOiI5ZDAxNTM5NC1lZGQ5LTRlOGMtYjkwMC0yOWIwNWU2MTJiZjIiLCJ0b2tlbl91c2UiOiJhY2Nlc3MiLCJzY29wZSI6ImF3cy5jb2duaXRvLnNpZ25pbi51c2VyLmFkbWluIiwiYXV0aF90aW1lIjoxNjQyMzYyMzUxLCJpc3MiOiJodHRwczpcL1wvY29nbml0by1pZHAudXMtZWFzdC0xLmFtYXpvbmF3cy5jb21cL3VzLWVhc3QtMV9hSlUxRThUWVciLCJleHAiOjE2NDI0NDg3NTEsImlhdCI6MTY0MjM2MjM1MSwianRpIjoiYzg5NDM4ODctZWE2NS00OGFmLWE4M2UtYmE5OWEzNTRlZWEwIiwiY2xpZW50X2lkIjoiMWg4ajM3ZW44ZXEwNGU0bnVsOGw3Z2U0YW4iLCJ1c2VybmFtZSI6InZzb3h4aGdvbGoubmVhciJ9.LfzMwyEeaWtub7xa1A19aIF1YZT0sPtbHQPKZT2uErwEoGor3RzTQrqHAjxMuQHhjbEObf-OeNOKeSH-f-YjHaFZQbwF4z8L9kgM8oFsKSW8B3BJEZuTNaKk0ExrqOPzJjmaag1_uCq8mJ0I2k0oVlrO2PGMG81IYsn12VuRg6FjbVTaSKNn48_MMh6x2egeV2iq3SW74ObjzZjAG0giUSVDAzMG64f9sqifEpSp0PtmkPB-v6GJgy8jSs0O5n_gGXFSSbOnjr3CuvW6SCPdMsYtcfaVolW62LhyuctnQyJ95aqERGWfElRCAGMb4HqpyjHm7gZIU9-6ObOQZ47UlQ
				Accept=*/*
Cookies:		&lt;none&gt;
Multiparts:		&lt;none&gt;
Body:			&lt;none&gt;
{
    &quot;message&quot;: &quot;User retrieved successfully!&quot;,
    &quot;data&quot;: {
        &quot;updated&quot;: 1642362355547,
        &quot;user_id&quot;: &quot;9Ij4JO2yH_S6BP44dzpQK&quot;,
        &quot;wallet_status&quot;: &quot;pending&quot;,
        &quot;status&quot;: &quot;deleted&quot;,
        &quot;created&quot;: 1642362351075,
        &quot;full_name&quot;: &quot;tebopqkyhf&quot;,
        &quot;email&quot;: &quot;nawdrgguqy@test.com&quot;,
        &quot;wallet_id&quot;: &quot;vsoxxhgolj.near&quot;,
        &quot;phone&quot;: &quot;0012745389&quot;,
        &quot;verified&quot;: false
    }
}
Request method:	POST
Request URI:	https://api.nearlogin.io/user/create
Proxy:			&lt;none&gt;
Request params:	&lt;none&gt;
Query params:	&lt;none&gt;
Form params:	&lt;none&gt;
Path params:	&lt;none&gt;
Headers:		Accept=*/*
				Content-Type=application/json
Cookies:		&lt;none&gt;
Multiparts:		&lt;none&gt;
Body:
{
    &quot;full_name&quot;: &quot;Abdo fcxlahvquv&quot;,
    &quot;wallet_id&quot;: &quot;atbwhmsadm.near&quot;,
    &quot;email&quot;: &quot;geujixujbw@test.com&quot;,
    &quot;phone&quot;: &quot;0016691549&quot;,
    &quot;walletName&quot;: &quot;atbwhmsadm.near&quot;
}
{
    &quot;jwt_access_token&quot;: &quot;eyJraWQiOiJmdjZkSFwvQ05Bajk5bE10b2V2K2hrMFVBUWRZeGRyK2dlTGNJYWpqRTlCMD0iLCJhbGciOiJSUzI1NiJ9.eyJvcmlnaW5fanRpIjoiN2RjNmI5NWMtODQ3OS00NzdmLWE2MTUtNDMwMTM4NjQ1ZDI3Iiwic3ViIjoiMjA3NzczMjYtZTkyOS00NjA4LTk0MWUtZGUyOWRiODA4OGIwIiwiZXZlbnRfaWQiOiIyODQ4MGU4Mi1kODI3LTQxYjEtYTE3Ni1jZjFiYTViYTI1ZWIiLCJ0b2tlbl91c2UiOiJhY2Nlc3MiLCJzY29wZSI6ImF3cy5jb2duaXRvLnNpZ25pbi51c2VyLmFkbWluIiwiYXV0aF90aW1lIjoxNjQyMzYyMzU5LCJpc3MiOiJodHRwczpcL1wvY29nbml0by1pZHAudXMtZWFzdC0xLmFtYXpvbmF3cy5jb21cL3VzLWVhc3QtMV9hSlUxRThUWVciLCJleHAiOjE2NDI0NDg3NTgsImlhdCI6MTY0MjM2MjM1OSwianRpIjoiZDA2MmQxMjAtYWRjYi00Nzc1LWEyNGMtY2FjZmZlOWJmOTQ2IiwiY2xpZW50X2lkIjoiMWg4ajM3ZW44ZXEwNGU0bnVsOGw3Z2U0YW4iLCJ1c2VybmFtZSI6ImF0YndobXNhZG0ubmVhciJ9.7B4dRDceIgWsj--VmgGsd2_k_0zx7NTbez9C_pF-sjp_wZfeoh03K74MhYWw28v2TfrHvm8lUkgE91rRY9gkEPs5ZRSXpM8JrOsvVK8BsApSPX5f79tYETw8VTaLV1gJLKFnBxR1Kh9zTfbaolkpWl8p6mLrvIavVeVwQieuOpZED2ZyhcwtmtdkaQKP31LpUv0VOFZTfOPmmu2yr58hYzbrieqldmzBDuOVUP7WfERbf1cVS3f5zk4i4NCPMe2IOGWxUxfglNgXoze05I_1TCs54xLX__8CtrvxePXt2HG7TV9wF505hlE8cTeg1B2qPK7qb9UIAH2XWvcOwVU2Ig&quot;,
    &quot;jwt_id_token&quot;: &quot;eyJraWQiOiJScTVVUXU5UUZoRnlzVGQyZTBXb3BnYlBrcWRcL0pzMWprV1Y2RGtRNGdjND0iLCJhbGciOiJSUzI1NiJ9.eyJvcmlnaW5fanRpIjoiN2RjNmI5NWMtODQ3OS00NzdmLWE2MTUtNDMwMTM4NjQ1ZDI3Iiwic3ViIjoiMjA3NzczMjYtZTkyOS00NjA4LTk0MWUtZGUyOWRiODA4OGIwIiwiYXVkIjoiMWg4ajM3ZW44ZXEwNGU0bnVsOGw3Z2U0YW4iLCJldmVudF9pZCI6IjI4NDgwZTgyLWQ4MjctNDFiMS1hMTc2LWNmMWJhNWJhMjVlYiIsInRva2VuX3VzZSI6ImlkIiwiYXV0aF90aW1lIjoxNjQyMzYyMzU5LCJpc3MiOiJodHRwczpcL1wvY29nbml0by1pZHAudXMtZWFzdC0xLmFtYXpvbmF3cy5jb21cL3VzLWVhc3QtMV9hSlUxRThUWVciLCJjb2duaXRvOnVzZXJuYW1lIjoiYXRid2htc2FkbS5uZWFyIiwiZXhwIjoxNjQyNDQ4NzU4LCJpYXQiOjE2NDIzNjIzNTksImp0aSI6IjdjNDZjY2M2LThiZTUtNDBjOS04MWY3LWNhMjdiODRhOTIzMSJ9.qbp580TR8HA1VWoP0Zzzz0bDEBqau8mcvWaM-B2W2XWifpDL2bjhoKvkaGTXHyG7NPaSJjsm_ThqbpHlFiaAM-ugxO2jcRNk1c6QllMTmHuk6pmDMOqgPuguSQURjnRhbxTqKOGkMRuRT0xi3IYgjuvdicaMuWBcD1vEThCXdQgMRns9kNw_qhIzk8wTxjdNsife2MHewHgPpbwEL-Cc-nTV-ZTuyer7-BJx-A92Nc5-Qk-U5Alx8cBojHrV7jG08Bfxg5VdC90c1TRsAYxSHFsCtk_0LAhVCn6hkx6IgIrfkUm4ZnCC23HNmtpLPGncjawpy_PvDtyzwAKT-gzKBw&quot;,
    &quot;jwt_refresh_token&quot;: &quot;eyJjdHkiOiJKV1QiLCJlbmMiOiJBMjU2R0NNIiwiYWxnIjoiUlNBLU9BRVAifQ.I-sZy0vcx6Nv5TvcECTNvIBV8bG5VeRdMZeMTVI63h1-s_iEQHeGlMIiUVaslqXFqXKspX_C1y0DUT7ScQi4f9eO6ScQnYiLFpTNWXXsLbqCcxZvLk_FAmDrYKWdMJnN3JOnRUneBJRK6njUyHKw3BpfTeI71RR1nEMrnLGLPS_Q-DwavAIRGYvlCEXlawOoXjaYCZFQYXR3iVPtHP6VEd-sQPm2KjGvohNPRlHy-M-Kd3V66pqvFltcVQEL74GO1f-kFjubouYWTZtxtAxKRqfQ8cc0CPF3N0Vh56fbFMaE9RK1eA25OrpIP7Sxe8C94yzaPvMpLsqihy0qMrkyvw.DYZIfIEWWrGCzcvD.hOTTvMo2aq57viEKfqZibNYjqr3d5uXXGqVG0PDPtd6K7ph8h1hF8sdgoGqX3-A8g5KeSxFzTQ-57D3uwTsemqJFUhfGcYk8dpPrJ8owslfHTZAU-7CSwgQvxFTfbVsN3hQrtY5SVSDKFEYaB6DGbzB9Yx6xrpCGLNvvyNkI5bZ4piOfCMEA-glpUIg012qAcGgK60mM1INfC0Nrb2DYm1AAITSTnQ9i7W5yta60yvmQ0mLJ4b3GdxQcOveDw5vto2n3tmx9aSXVE7XeHKQtJcCoy9K2n2pF2Om5U1IQ9R4bBq085IozMfv5IOOdYXMnkeh2ERJPKK98cuSSsBOChtq6LBZOF8fqFFQ340PVWMQPvlwWm57BOfICUBScraYjMG3ki7M7R1FSu89MvZQ7ynp4sYitkTdlx4QdE3UMxbXpNKoGDyu-pYK26Hp3SiRq_zGMoI4b0ZubVhd1xD6UQUc63v_yfi8NdBdFka6HhD7IhAQJYh-OZsCTykYj6-PAwsQAlagEdR_MktsrHN3ACGFbbVejRQnht9U8ErTDigUCKELP4Qpvi30MnWXEt6c07CaebYKfK2RMaR_Uyn2MoiNpwMGkQHjTDb6lGHv72Ncl0NdeFd9XwDcBzekVb4o_JYvg0c5IE0QlgS9tvn2Xo8KSODUMnyHCrLBEGUe23uqNKmwAzuRDKOY8CrEle6YLhVUsdUT98xH9l_9EH0CfP3bufT4KLaPBiXs49IYQsariugNVYMsSP_seWWGiPMDFBZusihwv5lLGrAeoKNI0Zsi551m2N2EMe5G-AA0jSk4FFuA9_bZEHoPfCcfnfCyssGzgE4QQkisVbaWqMyu7RHKWij6GKa9TY51Kk5_AaDTfStAOISf6VPNsYkVcKurLibMmpWC6yecwRZY83gfKNhFtQvJhcvgM3D8pYr_PMd74JwMSi1FjIzgeo6FIvT-Y9A-9jF4f-qe5W3I69m5ch5roDhKeLbSyJOmgGorxb4FUoYxQq8BVjo16Qzmm36cQgwWo1VqO4ZBYaztTdxDTi3smwjtQSW3oPESM066IpozxbqKkiyd0xkfnzVR0njzPh6GPxID64cUWTfv3ppYaYjmRHvnHLwRtK8KDQvq1tkNl13LcLiK65asKvjlzRhHa2C-UggnhjdTcQB4FlUFegeyPka8zqM0IH9NHNE_J1jfu_amEA5gttsbrgeVCzjSQ817oUG6hiyEdBDcilGsKH_UNJ728HPRfynwJ9ILf_P7MiqXVaUG0sMaeAL7C4yZ40azcHQBwtnEQh5PeDXYA.nAUwQzdb2RKv6oBDCQ_CEA&quot;,
    &quot;user_info&quot;: {
        &quot;user_id&quot;: &quot;MvR2Lyn5LdkZZDS-iD0RO&quot;,
        &quot;wallet_status&quot;: &quot;pending&quot;,
        &quot;status&quot;: &quot;active&quot;,
        &quot;created&quot;: 1642362358396,
        &quot;full_name&quot;: &quot;&quot;,
        &quot;email&quot;: &quot;geujixujbw@test.com&quot;,
        &quot;wallet_id&quot;: &quot;atbwhmsadm.near&quot;,
        &quot;phone&quot;: &quot;0016691549&quot;,
        &quot;verified&quot;: false
    }
}
Request method:	GET
Request URI:	https://api.nearlogin.io/users/MvR2Lyn5LdkZZDS-iD0RO
Proxy:			&lt;none&gt;
Request params:	&lt;none&gt;
Query params:	&lt;none&gt;
Form params:	&lt;none&gt;
Path params:	&lt;none&gt;
Headers:		Authorization=Bearer eyJraWQiOiJmdjZkSFwvQ05Bajk5bE10b2V2K2hrMFVBUWRZeGRyK2dlTGNJYWpqRTlCMD0iLCJhbGciOiJSUzI1NiJ9.eyJvcmlnaW5fanRpIjoiN2RjNmI5NWMtODQ3OS00NzdmLWE2MTUtNDMwMTM4NjQ1ZDI3Iiwic3ViIjoiMjA3NzczMjYtZTkyOS00NjA4LTk0MWUtZGUyOWRiODA4OGIwIiwiZXZlbnRfaWQiOiIyODQ4MGU4Mi1kODI3LTQxYjEtYTE3Ni1jZjFiYTViYTI1ZWIiLCJ0b2tlbl91c2UiOiJhY2Nlc3MiLCJzY29wZSI6ImF3cy5jb2duaXRvLnNpZ25pbi51c2VyLmFkbWluIiwiYXV0aF90aW1lIjoxNjQyMzYyMzU5LCJpc3MiOiJodHRwczpcL1wvY29nbml0by1pZHAudXMtZWFzdC0xLmFtYXpvbmF3cy5jb21cL3VzLWVhc3QtMV9hSlUxRThUWVciLCJleHAiOjE2NDI0NDg3NTgsImlhdCI6MTY0MjM2MjM1OSwianRpIjoiZDA2MmQxMjAtYWRjYi00Nzc1LWEyNGMtY2FjZmZlOWJmOTQ2IiwiY2xpZW50X2lkIjoiMWg4ajM3ZW44ZXEwNGU0bnVsOGw3Z2U0YW4iLCJ1c2VybmFtZSI6ImF0YndobXNhZG0ubmVhciJ9.7B4dRDceIgWsj--VmgGsd2_k_0zx7NTbez9C_pF-sjp_wZfeoh03K74MhYWw28v2TfrHvm8lUkgE91rRY9gkEPs5ZRSXpM8JrOsvVK8BsApSPX5f79tYETw8VTaLV1gJLKFnBxR1Kh9zTfbaolkpWl8p6mLrvIavVeVwQieuOpZED2ZyhcwtmtdkaQKP31LpUv0VOFZTfOPmmu2yr58hYzbrieqldmzBDuOVUP7WfERbf1cVS3f5zk4i4NCPMe2IOGWxUxfglNgXoze05I_1TCs54xLX__8CtrvxePXt2HG7TV9wF505hlE8cTeg1B2qPK7qb9UIAH2XWvcOwVU2Ig
				Accept=*/*
Cookies:		&lt;none&gt;
Multiparts:		&lt;none&gt;
Body:			&lt;none&gt;
{
    &quot;message&quot;: &quot;User retrieved successfully!&quot;,
    &quot;data&quot;: {
        &quot;user_id&quot;: &quot;MvR2Lyn5LdkZZDS-iD0RO&quot;,
        &quot;wallet_status&quot;: &quot;pending&quot;,
        &quot;status&quot;: &quot;active&quot;,
        &quot;created&quot;: 1642362358396,
        &quot;full_name&quot;: &quot;&quot;,
        &quot;wallet_id&quot;: &quot;atbwhmsadm.near&quot;,
        &quot;email&quot;: &quot;geujixujbw@test.com&quot;,
        &quot;phone&quot;: &quot;0016691549&quot;,
        &quot;verified&quot;: false
    }
}
</system-out>
  </testcase>
  <testcase classname="tests.nftsTests.TestNfts" name="testGetAllNfts" time="1.994">
    <failure message="The status code should be 200 expected [200] but found [500]" type="java.lang.AssertionError">java.lang.AssertionError: The status code should be 200 expected [200] but found [500]
	at org.testng.Assert.fail(Assert.java:99)
	at org.testng.Assert.failNotEquals(Assert.java:1037)
	at org.testng.Assert.assertEqualsImpl(Assert.java:140)
	at org.testng.Assert.assertEquals(Assert.java:122)
	at org.testng.Assert.assertEquals(Assert.java:907)
	at tests.nftsTests.TestNfts.testGetAllNfts(TestNfts.java:49)
</failure>
    <system-out>{
    &quot;message&quot;: &quot;User deleted successfully!&quot;,
    &quot;data&quot;: {
        
    }
}
Request method:	GET
Request URI:	https://api.nearlogin.io/users/MvR2Lyn5LdkZZDS-iD0RO
Proxy:			&lt;none&gt;
Request params:	&lt;none&gt;
Query params:	&lt;none&gt;
Form params:	&lt;none&gt;
Path params:	&lt;none&gt;
Headers:		Authorization=Bearer eyJraWQiOiJmdjZkSFwvQ05Bajk5bE10b2V2K2hrMFVBUWRZeGRyK2dlTGNJYWpqRTlCMD0iLCJhbGciOiJSUzI1NiJ9.eyJvcmlnaW5fanRpIjoiN2RjNmI5NWMtODQ3OS00NzdmLWE2MTUtNDMwMTM4NjQ1ZDI3Iiwic3ViIjoiMjA3NzczMjYtZTkyOS00NjA4LTk0MWUtZGUyOWRiODA4OGIwIiwiZXZlbnRfaWQiOiIyODQ4MGU4Mi1kODI3LTQxYjEtYTE3Ni1jZjFiYTViYTI1ZWIiLCJ0b2tlbl91c2UiOiJhY2Nlc3MiLCJzY29wZSI6ImF3cy5jb2duaXRvLnNpZ25pbi51c2VyLmFkbWluIiwiYXV0aF90aW1lIjoxNjQyMzYyMzU5LCJpc3MiOiJodHRwczpcL1wvY29nbml0by1pZHAudXMtZWFzdC0xLmFtYXpvbmF3cy5jb21cL3VzLWVhc3QtMV9hSlUxRThUWVciLCJleHAiOjE2NDI0NDg3NTgsImlhdCI6MTY0MjM2MjM1OSwianRpIjoiZDA2MmQxMjAtYWRjYi00Nzc1LWEyNGMtY2FjZmZlOWJmOTQ2IiwiY2xpZW50X2lkIjoiMWg4ajM3ZW44ZXEwNGU0bnVsOGw3Z2U0YW4iLCJ1c2VybmFtZSI6ImF0YndobXNhZG0ubmVhciJ9.7B4dRDceIgWsj--VmgGsd2_k_0zx7NTbez9C_pF-sjp_wZfeoh03K74MhYWw28v2TfrHvm8lUkgE91rRY9gkEPs5ZRSXpM8JrOsvVK8BsApSPX5f79tYETw8VTaLV1gJLKFnBxR1Kh9zTfbaolkpWl8p6mLrvIavVeVwQieuOpZED2ZyhcwtmtdkaQKP31LpUv0VOFZTfOPmmu2yr58hYzbrieqldmzBDuOVUP7WfERbf1cVS3f5zk4i4NCPMe2IOGWxUxfglNgXoze05I_1TCs54xLX__8CtrvxePXt2HG7TV9wF505hlE8cTeg1B2qPK7qb9UIAH2XWvcOwVU2Ig
				Accept=*/*
Cookies:		&lt;none&gt;
Multiparts:		&lt;none&gt;
Body:			&lt;none&gt;
{
    &quot;message&quot;: &quot;User retrieved successfully!&quot;,
    &quot;data&quot;: {
        &quot;updated&quot;: 1642362361037,
        &quot;user_id&quot;: &quot;MvR2Lyn5LdkZZDS-iD0RO&quot;,
        &quot;wallet_status&quot;: &quot;pending&quot;,
        &quot;status&quot;: &quot;deleted&quot;,
        &quot;created&quot;: 1642362358396,
        &quot;full_name&quot;: &quot;&quot;,
        &quot;email&quot;: &quot;geujixujbw@test.com&quot;,
        &quot;wallet_id&quot;: &quot;atbwhmsadm.near&quot;,
        &quot;phone&quot;: &quot;0016691549&quot;,
        &quot;verified&quot;: false
    }
}
Request method:	POST
Request URI:	https://api.nearlogin.io/user/create
Proxy:			&lt;none&gt;
Request params:	&lt;none&gt;
Query params:	&lt;none&gt;
Form params:	&lt;none&gt;
Path params:	&lt;none&gt;
Headers:		Accept=*/*
				Content-Type=application/json
Cookies:		&lt;none&gt;
Multiparts:		&lt;none&gt;
Body:
{
    &quot;full_name&quot;: &quot;Abdo mkghncrvle&quot;,
    &quot;wallet_id&quot;: &quot;tjfhhmojoc.near&quot;,
    &quot;email&quot;: &quot;tbapemcsny@test.com&quot;,
    &quot;phone&quot;: &quot;0015166676&quot;,
    &quot;walletName&quot;: &quot;tjfhhmojoc.near&quot;
}
{
    &quot;jwt_access_token&quot;: &quot;eyJraWQiOiJmdjZkSFwvQ05Bajk5bE10b2V2K2hrMFVBUWRZeGRyK2dlTGNJYWpqRTlCMD0iLCJhbGciOiJSUzI1NiJ9.eyJvcmlnaW5fanRpIjoiMDQzOWM0MzQtOGU5Mi00OTk1LWIwY2QtMjAxYTNlNTY4N2VlIiwic3ViIjoiZjNiYTI5MWYtZGM0NS00ODVhLThjZWItZjFlYzlmYjUzMTBlIiwiZXZlbnRfaWQiOiJmMmQ2MzkyZS0wMjQ4LTRjMzgtOGMyOS0xYWE2YzQ2MjY3MjEiLCJ0b2tlbl91c2UiOiJhY2Nlc3MiLCJzY29wZSI6ImF3cy5jb2duaXRvLnNpZ25pbi51c2VyLmFkbWluIiwiYXV0aF90aW1lIjoxNjQyMzYyMzYzLCJpc3MiOiJodHRwczpcL1wvY29nbml0by1pZHAudXMtZWFzdC0xLmFtYXpvbmF3cy5jb21cL3VzLWVhc3QtMV9hSlUxRThUWVciLCJleHAiOjE2NDI0NDg3NjMsImlhdCI6MTY0MjM2MjM2MywianRpIjoiN2ZjZDExMDUtZmFkZi00YzAyLThkNDctODc5ZTM3NTk2Yzg2IiwiY2xpZW50X2lkIjoiMWg4ajM3ZW44ZXEwNGU0bnVsOGw3Z2U0YW4iLCJ1c2VybmFtZSI6InRqZmhobW9qb2MubmVhciJ9.8BMnpNpJTjYdvs7Zz3hev4BpC_3teObjP9xLTx1l_JO08MRvW-ibihYPWH6NX_cso-4_HKO5MNnPNhRr8V8RSo2L7XMNJyFDRsZWmH53_AB9j4q3t-x0bpqTVZgMqpXw41Dkc6s5n5IN-T_CqM4Ac77y4hDTanActn-pH_5pjbNm6fOVJUA1_dbFoH0k_Wm67UoFVoiv3FcAvAArfneJw6uoJNSBKicTesLLTDfU5YGNCLw9iiCHMoYDHjRSz2X9Kwdd_RjcLdw3W7utEhiatOkDUCU30ChOIr3YOi1lxiTUfLZN019YCycHjJLQGUOnHOiZFsa-4aUcZ1FLW8x93w&quot;,
    &quot;jwt_id_token&quot;: &quot;eyJraWQiOiJScTVVUXU5UUZoRnlzVGQyZTBXb3BnYlBrcWRcL0pzMWprV1Y2RGtRNGdjND0iLCJhbGciOiJSUzI1NiJ9.eyJvcmlnaW5fanRpIjoiMDQzOWM0MzQtOGU5Mi00OTk1LWIwY2QtMjAxYTNlNTY4N2VlIiwic3ViIjoiZjNiYTI5MWYtZGM0NS00ODVhLThjZWItZjFlYzlmYjUzMTBlIiwiYXVkIjoiMWg4ajM3ZW44ZXEwNGU0bnVsOGw3Z2U0YW4iLCJldmVudF9pZCI6ImYyZDYzOTJlLTAyNDgtNGMzOC04YzI5LTFhYTZjNDYyNjcyMSIsInRva2VuX3VzZSI6ImlkIiwiYXV0aF90aW1lIjoxNjQyMzYyMzYzLCJpc3MiOiJodHRwczpcL1wvY29nbml0by1pZHAudXMtZWFzdC0xLmFtYXpvbmF3cy5jb21cL3VzLWVhc3QtMV9hSlUxRThUWVciLCJjb2duaXRvOnVzZXJuYW1lIjoidGpmaGhtb2pvYy5uZWFyIiwiZXhwIjoxNjQyNDQ4NzYzLCJpYXQiOjE2NDIzNjIzNjMsImp0aSI6ImFmYzVmNjEzLWUyYmEtNDQ1OS05ZTQ2LWZjZjZiZDg5NzJkMSJ9.krWR1zi2s7I3SV4XmX0faF-ksVjI2y-NgfHMYqHszA_xuyWU8LFmZOG5O64TBE_sbyVJlYhxxua52PhbZoVhISufSoNtIBPVsQmziqhlc-GelRvEsdkHarE2Meo1BB0VXEUdgxMcC1k_qUDX67paz-jexXseQ7vCM588mHJJL2CjidOJreX2CLc1Uom6J0pWyiGrI65gE31VFFmjSqcQorqhlrNZcra9I7D1gf3TosDF8aLLYUB7O77YFN_ZoMQEaafWiNXjZncbxiMSMrm3G4q6ZKJf-RsGFlhlRGNAipYCCyf9G5mHR2256g71C8ujC8A6-Ltp-b-YY3_Y246jxg&quot;,
    &quot;jwt_refresh_token&quot;: &quot;eyJjdHkiOiJKV1QiLCJlbmMiOiJBMjU2R0NNIiwiYWxnIjoiUlNBLU9BRVAifQ.J1l8cY63wJTIqbwCzWjjmSLqWLOhV6406TfnZeYn__He8ayokkKQRba5KybBlqbbB_k7qvsWjnIvcUJYEfHB9uDAQqU3iZcY2aa5kiFVT84R2oTdLCpWdK8qefftMNEle-NgH7kp2lY0iqjNAhk-iPaMqlOT1eCG5lxxLuz0x9udUWFd9Y6fguMC0pC40lPK74Ycf5Wys01JuoeI7AGca_Rf56yb4oUj0izUtcMyWsupa9hAE3LPN-yOnLyBsBeZMVrGTh8MHSqsRrKSZ2xcqUbZy-uoGDSLMG-64z52fijJf5PW8vrb_MxWqSmVatBwoUf9NfXGZy948-1oZONVVg.C5xy-9JOmHazOoqb.ILNfxbZCT8e4A2bPhu9etMmIYsTEqS0UOGipTzNRBGdJiFOduphUa39eunS0LH_lxNM3FTN1GgzmsnU5wJ2o0A1Hr2xJvAgJglB9iyASEGC0ebG5h1i2YGzs5E_DrXj3QCCYjbn9AnsGslQbdEv1R78AIKZofHWskl3sCxAH1vaAYuhoVN7yffeWYcGnTccsxvcyjFCRyv6lGpawYO7UMoWdFLgZ_TvU0NGw_JNHVQ1AOe0RLA--KgnLal_c1J5jyPVNpPKec_h0FWCKI7ZyIN5PMPYEDw3nPPEE6gOkPP-_DYdtBi_ekL5b1DfyNoE88IZq9eXrkdu8cW_cIZW1YlFaRfkA1PltRVe3gHejynYKy2puqIqw-Wy_8XhlYh-Tsv2L-rkKVeq5xyGJqVvLQHK4rinLJiHRUDeDKDvNPZuSP7F8LgOOppR73zPiDoGAOtBgEf2oecflfUtXqje_mo5pEnIocGqni9yArKwTP5TbdWO-dRKqQM0Gdsor6AXeXl0nPWdQhy222uMK8fQ_M09EnQiJNPPh-_CC4xbw86OHd3w54kRIQDDIOLQ4FEbpzry831wTlxcmcTWx3XXxadxbDK-qrtv1H6dO3dkOJS1En2erE8qY0KaEau8OzDJ6ZLSFc3090iEjkTgFsgvoU8ptutJb_kkbfOcWJ5kkMiBtoyqbE292D2Cz658-RVdjUXjTOkg46Ot1nGFHvP2JiCZ62qgA4br-mEPZtbKXV_9LT8-Fu3eFfaRBLm26t-vNKX5Vobl2cUkaYjSJIwhvRg6fHDC0BV-zAOXdQMOKMrUCk1Wid67RnGWcod7dabwX6jX_Q-1jQUHUbnnDx1KKiRXBl6Czm1S0gsSQfGztfk2kL8qcC_qDth1rHJmR81ShvOHyc_xc-YozD5YHAx_qmAnpHjyYC--uDHtUdhaZjFn5GepugxnFY2Vn07DC6JjQYPsbQj_rVoGYsYGDgat81m3mqppfOEa7Pu9ZU6TAUrqL9dTeTZMJXlAm6MNL7Jihd6Bn0vN7wgpvHa3h0zrJHU_w5xo3ygDVcyZjuseGQDo4ZrAR2Tl5N3-_JAt6DtyHPhns9pkqFiIQLSeKNvgxFLmz-6KbjXvhO1mhwvtl4ZLFhwaBpNQsctFpIa0i8klXrAQivN3jMoqqJoFMKEVFuaM4pXZ9wiJ79eanl7jTd1oPUQPGpa2cVVuG1oHYiF2je43-9iEIrzYenNEuRUIyOeRnviz84HUh0UyzuaAw9fYpKQCMuth59NO4UYSenoWLMO53gucX2aKNyXim_LDn.QIuNED3pTVcZgt3LzHntpQ&quot;,
    &quot;user_info&quot;: {
        &quot;user_id&quot;: &quot;TSDD2LzfC4ityoo7cZT1M&quot;,
        &quot;wallet_status&quot;: &quot;pending&quot;,
        &quot;status&quot;: &quot;active&quot;,
        &quot;created&quot;: 1642362363240,
        &quot;full_name&quot;: &quot;&quot;,
        &quot;email&quot;: &quot;tbapemcsny@test.com&quot;,
        &quot;wallet_id&quot;: &quot;tjfhhmojoc.near&quot;,
        &quot;phone&quot;: &quot;0015166676&quot;,
        &quot;verified&quot;: false
    }
}
{
    &quot;message&quot;: &quot;NFT creation successful!&quot;,
    &quot;data&quot;: {
        &quot;nft_id&quot;: &quot;ZrKtb0sUOccsoJ6uLmKRE&quot;,
        &quot;updated&quot;: 1642362365164,
        &quot;status&quot;: &quot;active&quot;,
        &quot;created&quot;: 1642362365164,
        &quot;description&quot;: &quot;This is my automation framework!&quot;,
        &quot;owner_id&quot;: &quot;TSDD2LzfC4ityoo7cZT1M&quot;,
        &quot;file_url&quot;: &quot;https://near-lambda-nft-files.s3.us-west-1.amazonaws.com/ZrKtb0sUOccsoJ6uLmKRE_original_test-2.jpg&quot;,
        &quot;title&quot;: &quot;Hello from automation!&quot;
    },
    &quot;debug&quot;: {
        &quot;result&quot;: {
            
        },
        &quot;transaction_result&quot;: null
    }
}
</system-out>
  </testcase>
  <testcase classname="tests.nftsTests.TestNfts" name="testGetSingleNft" time="0.865"/>
  <testcase classname="tests.nftsTests.TestNfts" name="testUpdateNft" time="2.491"/>
</testsuite>